/*C4*/SET SCHEMA PUBLIC
DISCONNECT
/*C5*/SET SCHEMA PUBLIC
INSERT INTO SPORT VALUES('Football','14bca2788e52b423018e52b5eddc0000','CIV vs GUI',FALSE,1.69E0,3.45E0)
COMMIT
INSERT INTO PARIEUR VALUES('14bca2788e52b423018e52b64b760001','anto327@gmail.com','1234','ATTEREY','Antonella',10000.00)
COMMIT
INSERT INTO PARI VALUES('PariAvance','14bca2788e52b423018e52b771b30002',NULL,FALSE,3000.00,NULL,NULL,NULL,NULL,'14bca2788e52b423018e52b64b760001','14bca2788e52b423018e52b5eddc0000',NULL,NULL,NULL,NULL)
COMMIT
INSERT INTO PARIEUR VALUES('14bca2788e52b423018e52c08c7f0003','alexandretahi7@gmail.com','1234','TAHI','Alexandre',10000.00)
COMMIT
DELETE FROM PARIEUR WHERE ID='14bca2788e52b423018e52c08c7f0003'
INSERT INTO PARIEUR VALUES('14bca2788e52b423018e52c08c7f0003','alexandretahi7@gmail.com','1234','TAHI','Ezan Alexandre',10000.00)
COMMIT
DELETE FROM PARI WHERE ID='14bca2788e52b423018e52b771b30002'
DELETE FROM PARIEUR WHERE ID='14bca2788e52b423018e52b64b760001'
COMMIT
INSERT INTO SPORT VALUES('Basket','14bca2788e52b423018e52c18c820004','MEM vs PHI',FALSE,1.33E0,2.45E0)
COMMIT
INSERT INTO REGLE VALUES('14bca2788e52b423018e52c24bc70005','Un match de foot est constitu\u00e9 de deux mi-temps','14bca2788e52b423018e52b5eddc0000','Mi-temps')
COMMIT
INSERT INTO SPORT VALUES('Tennis','14bca2788e52b423018e52c3538f0006','Leonardo vs Komen',FALSE,2.0E0,2.67E0)
INSERT INTO REGLE VALUES('14bca2788e52b423018e52c353f80007','Un match de tennis est constitu\u00e9 de plusieurs sets','14bca2788e52b423018e52c3538f0006','Sets')
COMMIT
INSERT INTO PARI VALUES('PariSimple','14bca2788e52b423018e52c44aed0008',NULL,FALSE,300.00,3.00,'Leonardo',NULL,NULL,'14bca2788e52b423018e52c08c7f0003','14bca2788e52b423018e52c3538f0006',NULL,NULL,NULL,NULL)
COMMIT
INSERT INTO PARI VALUES('PariSimple','14bca2788e52b423018e52c524380009',NULL,FALSE,250.00,50.00,'MEM',NULL,NULL,'14bca2788e52b423018e52c08c7f0003','14bca2788e52b423018e52c18c820004',NULL,NULL,NULL,NULL)
COMMIT
INSERT INTO PARI VALUES('PariAvance','14bca2788e52b423018e52c5eadc000a',NULL,FALSE,1000.00,NULL,NULL,NULL,NULL,'14bca2788e52b423018e52c08c7f0003','14bca2788e52b423018e52b5eddc0000',NULL,NULL,4,2)
COMMIT
DELETE FROM PARI WHERE ID='14bca2788e52b423018e52c44aed0008'
COMMIT
DELETE FROM PARI WHERE ID='14bca2788e52b423018e52c524380009'
DELETE FROM PARI WHERE ID='14bca2788e52b423018e52c5eadc000a'
DELETE FROM PARIEUR WHERE ID='14bca2788e52b423018e52c08c7f0003'
COMMIT
